TN:
SF:src/lib/layout-state.ts
FNF:3
FNH:3
DA:1,99
DA:10,19
DA:11,20
DA:12,23
DA:13,26
DA:14,26
DA:15,2
DA:17,11
DA:18,9
DA:19,39
DA:20,40
DA:21,35
DA:22,14
DA:23,80
DA:24,17
DA:25,72
DA:26,18
DA:27,75
DA:28,21
DA:29,49
DA:30,26
DA:31,3
DA:32,2
DA:33,11
DA:34,23
DA:38,16
DA:39,9
DA:40,46
DA:41,2
DA:46,11
DA:47,9
DA:48,28
DA:49,1
LF:33
LH:33
end_of_record
TN:
SF:src/lib/rpc-client.ts
FNF:5
FNH:4
DA:1,53
DA:2,48
DA:5,57
DA:8,50
DA:9,29
DA:10,29
DA:11,14
DA:22,19
DA:23,56
DA:24,43
DA:25,35
DA:26,68
DA:27,52
DA:34,35
DA:35,76
DA:36,2
LF:16
LH:16
end_of_record
TN:
SF:../../packages/contracts/src/feature.ts
FNF:1
FNH:1
DA:1,97
DA:2,36
DA:3,24
DA:7,63
DA:8,55
DA:9,3
DA:12,47
DA:13,22
DA:14,26
DA:15,35
DA:16,42
DA:17,50
DA:20,52
DA:21,3
DA:24,52
DA:25,22
DA:26,36
DA:27,3
DA:30,52
DA:31,22
DA:32,20
DA:33,24
DA:34,21
DA:35,37
DA:36,51
DA:37,24
DA:38,22
DA:39,3
DA:40,3
DA:43,49
DA:44,20
DA:45,3
DA:48,51
DA:49,26
DA:50,37
DA:51,3
DA:54,54
DA:55,22
DA:56,20
DA:57,19
DA:58,22
DA:59,3
DA:60,3
DA:63,55
DA:64,22
DA:65,37
DA:66,29
DA:67,3
DA:70,58
DA:71,22
DA:72,20
DA:73,19
DA:74,34
DA:75,3
DA:76,3
DA:80,33
DA:81,9
DA:82,11
DA:83,18
DA:84,22
DA:85,29
DA:86,19
DA:87,3
DA:88,36
DA:90,9
DA:91,11
DA:92,18
DA:93,27
DA:94,35
DA:95,19
DA:96,3
DA:97,30
DA:98,36
DA:100,11
DA:101,11
DA:102,19
DA:103,22
DA:104,32
DA:105,19
DA:106,3
DA:107,32
DA:108,38
DA:110,15
DA:111,11
DA:112,20
DA:113,34
DA:114,41
DA:115,19
DA:116,3
DA:117,36
DA:118,42
DA:120,12
DA:121,11
DA:122,19
DA:123,30
DA:124,48
DA:125,19
DA:126,3
DA:127,7
DA:128,14
DA:129,24
DA:130,22
DA:131,43
DA:132,4
DA:133,2
DA:134,2
DA:135,1
LF:107
LH:107
end_of_record
TN:
SF:../../packages/contracts/src/index.ts
FNF:1
FNH:1
DA:1,36
DA:2,24
DA:3,44
DA:4,57
DA:5,38
DA:8,47
DA:9,26
DA:10,24
DA:11,29
DA:12,20
DA:13,3
DA:19,26
DA:20,11
DA:21,11
DA:22,18
DA:23,20
DA:24,39
DA:25,18
DA:26,3
DA:27,31
DA:28,28
DA:29,37
DA:30,22
DA:31,2
DA:35,107
DA:37,94
LF:26
LH:26
end_of_record
TN:
SF:../../packages/contracts/src/planning-event.ts
FNF:1
FNH:1
DA:1,36
DA:2,24
DA:11,54
DA:12,22
DA:13,20
DA:14,26
DA:15,38
DA:16,44
DA:17,44
DA:18,3
DA:19,3
DA:28,39
DA:29,11
DA:30,11
DA:31,18
DA:32,29
DA:33,44
DA:34,18
DA:35,3
DA:36,36
DA:37,1
LF:21
LH:21
end_of_record
TN:
SF:../../packages/contracts/src/task.ts
FNF:1
FNH:1
DA:1,74
DA:2,36
DA:3,24
DA:8,44
DA:9,35
DA:10,26
DA:11,32
DA:12,42
DA:13,46
DA:14,13
DA:15,9
DA:16,17
DA:17,11
DA:18,13
DA:19,21
DA:20,3
DA:23,49
DA:24,22
DA:25,33
DA:26,3
DA:29,49
DA:30,22
DA:31,20
DA:32,20
DA:33,21
DA:34,34
DA:35,51
DA:36,24
DA:37,22
DA:38,3
DA:39,3
DA:42,46
DA:43,33
DA:44,3
DA:47,48
DA:48,27
DA:49,35
DA:50,13
DA:51,9
DA:52,17
DA:53,13
DA:54,30
DA:55,3
DA:58,51
DA:59,22
DA:60,20
DA:61,20
DA:62,22
DA:63,3
DA:64,3
DA:67,52
DA:68,35
DA:69,34
DA:70,29
DA:71,3
DA:74,55
DA:75,22
DA:76,20
DA:77,20
DA:78,31
DA:79,3
DA:80,3
DA:83,30
DA:84,9
DA:85,11
DA:86,18
DA:87,19
DA:88,26
DA:89,16
DA:90,3
DA:91,33
DA:93,9
DA:94,11
DA:95,18
DA:96,25
DA:97,32
DA:98,16
DA:99,3
DA:100,27
DA:101,33
DA:103,11
DA:104,11
DA:105,19
DA:106,19
DA:107,29
DA:108,16
DA:109,3
DA:110,29
DA:111,35
DA:113,15
DA:114,11
DA:115,20
DA:116,32
DA:117,38
DA:118,16
DA:119,3
DA:120,33
DA:121,37
DA:122,1
LF:99
LH:99
end_of_record
TN:
SF:../../packages/domain/src/planning/schema.ts
FNF:3
FNH:0
DA:17,24
DA:20,99
DA:23,99
DA:32,51
DA:38,26
DA:39,11
DA:40,13
DA:41,12
DA:42,13
DA:43,11
DA:44,9
DA:45,9
DA:46,11
DA:47,7
DA:48,2
DA:54,49
DA:64,50
DA:70,30
DA:71,20
DA:72,19
DA:73,23
DA:74,23
DA:75,21
DA:76,23
DA:77,22
DA:78,24
DA:79,17
DA:80,21
DA:81,21
DA:82,13
DA:83,21
DA:84,15
DA:85,25
DA:86,21
DA:87,13
DA:88,2
DA:90,33
DA:91,20
DA:92,19
DA:93,26
DA:94,26
DA:95,24
DA:96,23
DA:97,22
DA:98,24
DA:99,17
DA:100,21
DA:101,16
DA:102,25
DA:103,27
DA:104,22
DA:105,21
DA:106,15
DA:107,25
DA:108,21
DA:109,19
DA:110,23
DA:111,2
DA:118,0
DA:119,0
DA:120,0
DA:121,0
DA:122,0
DA:123,0
DA:124,1
DA:132,0
DA:133,0
DA:134,0
DA:135,0
DA:136,0
DA:137,0
DA:138,1
DA:141,23
DA:142,9
DA:143,7
DA:144,11
DA:145,41
DA:146,3
DA:148,19
DA:149,9
DA:150,29
DA:151,55
DA:152,2
DA:153,11
DA:154,12
DA:156,19
DA:157,9
DA:158,73
DA:159,11
DA:160,12
DA:167,48
DA:168,31
DA:169,26
DA:170,37
DA:171,32
DA:172,8
DA:173,17
DA:174,11
DA:175,18
DA:176,39
DA:177,24
DA:178,24
DA:179,42
DA:180,39
DA:181,47
DA:182,28
DA:183,26
DA:184,3
DA:190,51
DA:191,31
DA:192,46
DA:193,56
DA:194,5
DA:195,26
DA:196,35
DA:197,31
DA:198,39
DA:199,28
DA:200,26
DA:201,3
DA:212,74
DA:225,36
DA:226,10
DA:227,46
DA:228,36
DA:229,38
DA:230,24
DA:231,24
DA:232,42
DA:233,39
DA:234,44
DA:235,2
DA:236,10
DA:247,106
LF:134
LH:122
end_of_record
